2015-02-16 13:04:30,184 INFO  [AbstractLifecycleManager] Initialising RegistryBroker
2015-02-16 13:04:30,293 INFO  [MuleApplicationContext] Refreshing org.mule.config.spring.MuleApplicationContext@6e774f6e: startup date [Mon Feb 16 13:04:30 CET 2015]; root of context hierarchy
2015-02-16 13:04:30,380 INFO  [XmlBeanDefinitionReader] Loading XML bean definitions from URL [jar:file:/Users/chr/.m2/repository/org/mule/modules/mule-module-spring-config/3.4.0/mule-module-spring-config-3.4.0.jar!/mule-spring-config.xml]
2015-02-16 13:04:30,491 INFO  [XmlBeanDefinitionReader] Loading XML bean definitions from URL [jar:file:/Users/chr/.m2/repository/org/mule/modules/mule-module-spring-config/3.4.0/mule-module-spring-config-3.4.0.jar!/default-mule-config.xml]
2015-02-16 13:04:30,845 INFO  [DefaultListableBeanFactory] Overriding bean definition for bean '_muleConfiguration': replacing [Generic bean: class [org.mule.config.spring.MuleConfigurationConfigurator]; scope=; abstract=false; lazyInit=false; autowireMode=0; dependencyCheck=0; autowireCandidate=true; primary=false; factoryBeanName=null; factoryMethodName=null; initMethodName=initialise; destroyMethodName=null; defined in URL [jar:file:/Users/chr/.m2/repository/org/mule/modules/mule-module-spring-config/3.4.0/mule-module-spring-config-3.4.0.jar!/default-mule-config.xml]] with [Generic bean: class [org.mule.config.spring.MuleConfigurationConfigurator]; scope=; abstract=false; lazyInit=false; autowireMode=0; dependencyCheck=0; autowireCandidate=true; primary=false; factoryBeanName=null; factoryMethodName=null; initMethodName=initialise; destroyMethodName=null; defined in URL [jar:file:/Users/chr/.m2/repository/org/mule/modules/mule-module-spring-config/3.4.0/mule-module-spring-config-3.4.0.jar!/default-mule-config.xml]]
2015-02-16 13:04:30,845 INFO  [DefaultListableBeanFactory] Overriding bean definition for bean '_muleConfiguration': replacing [Generic bean: class [org.mule.config.spring.MuleConfigurationConfigurator]; scope=; abstract=false; lazyInit=false; autowireMode=0; dependencyCheck=0; autowireCandidate=true; primary=false; factoryBeanName=null; factoryMethodName=null; initMethodName=initialise; destroyMethodName=null; defined in URL [jar:file:/Users/chr/.m2/repository/org/mule/modules/mule-module-spring-config/3.4.0/mule-module-spring-config-3.4.0.jar!/default-mule-config.xml]] with [Generic bean: class [org.mule.config.spring.MuleConfigurationConfigurator]; scope=; abstract=false; lazyInit=false; autowireMode=0; dependencyCheck=0; autowireCandidate=true; primary=false; factoryBeanName=null; factoryMethodName=null; initMethodName=initialise; destroyMethodName=null; defined in URL [jar:file:/Users/chr/.m2/repository/org/mule/modules/mule-module-spring-config/3.4.0/mule-module-spring-config-3.4.0.jar!/default-mule-config.xml]]
2015-02-16 13:04:30,847 INFO  [DefaultListableBeanFactory] Overriding bean definition for bean '_muleNotificationManager': replacing [Generic bean: class [org.mule.config.spring.ServerNotificationManagerConfigurator]; scope=; abstract=false; lazyInit=false; autowireMode=0; dependencyCheck=0; autowireCandidate=true; primary=false; factoryBeanName=null; factoryMethodName=null; initMethodName=initialise; destroyMethodName=null; defined in URL [jar:file:/Users/chr/.m2/repository/org/mule/modules/mule-module-spring-config/3.4.0/mule-module-spring-config-3.4.0.jar!/default-mule-config.xml]] with [Generic bean: class [org.mule.config.spring.ServerNotificationManagerConfigurator]; scope=; abstract=false; lazyInit=false; autowireMode=0; dependencyCheck=0; autowireCandidate=true; primary=false; factoryBeanName=null; factoryMethodName=null; initMethodName=initialise; destroyMethodName=null; defined in URL [jar:file:/Users/chr/.m2/repository/org/mule/modules/mule-module-spring-config/3.4.0/mule-module-spring-config-3.4.0.jar!/default-mule-config.xml]]
2015-02-16 13:04:30,847 INFO  [DefaultListableBeanFactory] Overriding bean definition for bean '_muleNotificationManager': replacing [Generic bean: class [org.mule.config.spring.ServerNotificationManagerConfigurator]; scope=; abstract=false; lazyInit=false; autowireMode=0; dependencyCheck=0; autowireCandidate=true; primary=false; factoryBeanName=null; factoryMethodName=null; initMethodName=initialise; destroyMethodName=null; defined in URL [jar:file:/Users/chr/.m2/repository/org/mule/modules/mule-module-spring-config/3.4.0/mule-module-spring-config-3.4.0.jar!/default-mule-config.xml]] with [Generic bean: class [org.mule.config.spring.ServerNotificationManagerConfigurator]; scope=; abstract=false; lazyInit=false; autowireMode=0; dependencyCheck=0; autowireCandidate=true; primary=false; factoryBeanName=null; factoryMethodName=null; initMethodName=initialise; destroyMethodName=null; defined in URL [jar:file:/Users/chr/.m2/repository/org/mule/modules/mule-module-spring-config/3.4.0/mule-module-spring-config-3.4.0.jar!/default-mule-config.xml]]
2015-02-16 13:04:30,856 INFO  [DefaultListableBeanFactory] Overriding bean definition for bean '_muleSystemModel': replacing [Root bean: class [org.mule.model.seda.SedaModel]; scope=singleton; abstract=false; lazyInit=false; autowireMode=0; dependencyCheck=0; autowireCandidate=true; primary=false; factoryBeanName=null; factoryMethodName=null; initMethodName=initialise; destroyMethodName=dispose] with [Root bean: class [org.mule.model.seda.SedaModel]; scope=singleton; abstract=false; lazyInit=false; autowireMode=0; dependencyCheck=0; autowireCandidate=true; primary=false; factoryBeanName=null; factoryMethodName=null; initMethodName=initialise; destroyMethodName=dispose]
2015-02-16 13:04:30,863 INFO  [XmlBeanDefinitionReader] Loading XML bean definitions from URL [file:/Users/chr/Greenbird/git/playground/xml-formatter/xmlformatter-tools/mule-cxf-example/target/test-classes/mule-config.xml]
2015-02-16 13:04:31,019 INFO  [DefaultListableBeanFactory] Overriding bean definition for bean 'main': replacing [Root bean: class [org.mule.construct.Flow]; scope=singleton; abstract=false; lazyInit=false; autowireMode=0; dependencyCheck=0; autowireCandidate=true; primary=false; factoryBeanName=null; factoryMethodName=null; initMethodName=initialise; destroyMethodName=dispose] with [Root bean: class [org.mule.construct.Flow]; scope=singleton; abstract=false; lazyInit=false; autowireMode=0; dependencyCheck=0; autowireCandidate=true; primary=false; factoryBeanName=null; factoryMethodName=null; initMethodName=initialise; destroyMethodName=dispose]
2015-02-16 13:04:31,451 INFO  [PropertyPlaceholderConfigurer] Loading properties file from class path resource [application.properties]
2015-02-16 13:04:31,493 INFO  [DefaultListableBeanFactory] Pre-instantiating singletons in org.springframework.beans.factory.support.DefaultListableBeanFactory@1952c7b9: defining beans [_muleCustomEditorConfigurer,_muleObjectNameProcessor,_mulePropertyPlaceholderProcessor,_muleSimpleRegistryBootstrap,_muleNotificationManager,_muleAnnotationsProcessor,_muleTransformerAnnotationProcessor,_muleConfiguration,._muleNotificationManager:notification.1,._muleNotificationManager:notification.2,._muleNotificationManager:notification.3,._muleNotificationManager:notification.4,._muleNotificationManager:notification.5,._muleNotificationManager:notification.6,._muleNotificationManager:notification.7,._muleNotificationManager:notification.8,._muleNotificationManager:notification.9,._muleNotificationManager:notification.10,_muleSystemModel,_defaultInMemoryQueueStore,_defaultPersistentQueueStore,_defaultInMemoryObjectStore,_defaultPersistentObjectStore,_defaultUserObjectStore,_defaultTransientUserObjectStore,_muleQueueManager,_muleObjectStoreManager,_muleSecurityManager,_muleMessageProcessingManager,_muleProperties,_muleEndpointFactory,_muleStreamCloserService,_defaultThreadingProfile,_converterResolver,_defaultMessageDispatcherThreadingProfile,_defaultMessageRequesterThreadingProfile,_defaultMessageReceiverThreadingProfile,_defaultServiceThreadingProfile,_defaultRetryPolicyTemplate,_muleExpressionLanguage,_muleLockFactory,_muleLockProvider,_muleProcessingTimeWatcher,applicationProperties,inputPrettyPrinterFactory,outputPrettyPrinterFactory,main,.main:inbound-endpoint.11,.main:inbound-endpoint.11:proxy-service.12,.main:inbound-endpoint.11:proxy-service.12:inInterceptors.13,.main:inbound-endpoint.11:proxy-service.12:outInterceptors.14,.main:xslt-transformer.15,.main:xslt-transformer.15:context-property.16]; root of factory hierarchy
2015-02-16 13:04:31,806 INFO  [AbstractLifecycleManager] Initialising model: _muleSystemModel
2015-02-16 13:04:32,018 INFO  [AbstractLifecycleManager] Initialising connector: connector.http.mule.default
2015-02-16 13:04:32,063 INFO  [FlowConstructLifecycleManager] Initialising flow: main
2015-02-16 13:04:32,063 INFO  [DefaultMessagingExceptionStrategy] Initialising exception listener: org.mule.exception.DefaultMessagingExceptionStrategy@7a40cb4b
2015-02-16 13:04:32,074 INFO  [SedaStageLifecycleManager] Initialising service: main.stage1
2015-02-16 13:04:32,338 INFO  [AutoConfigurationBuilder] Configured Mule using "org.mule.config.spring.SpringXmlConfigurationBuilder" with configuration resource(s): "[ConfigResource{resourceName='mule-config.xml'}]"
2015-02-16 13:04:32,341 INFO  [TransactionalQueueManager] Starting ResourceManager
2015-02-16 13:04:32,345 INFO  [TransactionalQueueManager] Started ResourceManager
2015-02-16 13:04:32,347 INFO  [HttpConnector] Connected: HttpConnector
{
  name=connector.http.mule.default
  lifecycle=initialise
  this=84a4410
  numberOfConcurrentTransactedReceivers=4
  createMultipleTransactedReceivers=true
  connected=true
  supportedProtocols=[http]
  serviceOverrides=<none>
}

2015-02-16 13:04:32,347 INFO  [HttpConnector] Starting: HttpConnector
{
  name=connector.http.mule.default
  lifecycle=initialise
  this=84a4410
  numberOfConcurrentTransactedReceivers=4
  createMultipleTransactedReceivers=true
  connected=true
  supportedProtocols=[http]
  serviceOverrides=<none>
}

2015-02-16 13:04:32,348 INFO  [AbstractLifecycleManager] Starting connector: connector.http.mule.default
2015-02-16 13:04:32,350 INFO  [AbstractLifecycleManager] Starting model: _muleSystemModel
2015-02-16 13:04:32,351 INFO  [FlowConstructLifecycleManager] Starting flow: main
2015-02-16 13:04:32,351 INFO  [SedaStageLifecycleManager] Starting service: main.stage1
2015-02-16 13:04:32,630 INFO  [ReflectionServiceFactoryBean] Creating Service {http://xmlns.greenbird.com/schema/logger}LoggerService from WSDL: classpath:wsdl/logger.wsdl
2015-02-16 13:04:32,720 INFO  [ServerImpl] Setting the server's publish address to be http://internalMuleCxfRegistry/462904741
2015-02-16 13:04:32,725 INFO  [HttpConnector] Registering listener: main on endpointUri: http://localhost:50000/services/logger/message
2015-02-16 13:04:32,729 INFO  [DefaultTransportServiceDescriptor] Loading default response transformer: org.mule.transport.http.transformers.MuleMessageToHttpResponse
2015-02-16 13:04:32,740 INFO  [AbstractLifecycleManager] Initialising: 'null'. Object is: HttpMessageReceiver
2015-02-16 13:04:32,745 INFO  [HttpMessageReceiver] Connecting clusterizable message receiver
2015-02-16 13:04:32,751 INFO  [AbstractLifecycleManager] Starting: 'null'. Object is: HttpMessageReceiver
2015-02-16 13:04:32,751 INFO  [HttpMessageReceiver] Starting clusterizable message receiver
2015-02-16 13:04:32,755 INFO  [WrapperManagerAgent] This JVM hasn't been launched by the wrapper, the agent will not run.
2015-02-16 13:04:33,221 INFO  [JmxAgent] Attempting to register service with name: Mule.f62c69c6-b5d3-11e4-8763-79956d81f022:type=Endpoint,service="main",connector=connector.http.mule.default,name="endpoint.http.localhost.50000.services.logger.message"
2015-02-16 13:04:33,222 INFO  [JmxAgent] Registered Endpoint Service with name: Mule.f62c69c6-b5d3-11e4-8763-79956d81f022:type=Endpoint,service="main",connector=connector.http.mule.default,name="endpoint.http.localhost.50000.services.logger.message"
2015-02-16 13:04:33,223 INFO  [JmxAgent] Registered Connector Service with name Mule.f62c69c6-b5d3-11e4-8763-79956d81f022:type=Connector,name="connector.http.mule.default.1"
2015-02-16 13:04:33,227 INFO  [DefaultMuleContext] 
**********************************************************************
* Mule ESB and Integration Platform                                  *
* Version: 3.4.0 Build: c8afb471                                     *
* MuleSoft, Inc.                                                     *
* For more information go to http://www.mulesoft.org                 *
*                                                                    *
* Server started: 2/16/15 1:04 PM                                    *
* Server ID: f62c69c6-b5d3-11e4-8763-79956d81f022                    *
* JDK: 1.7.0_71 (mixed mode)                                         *
* OS encoding: UTF-8, Mule encoding: UTF-8                           *
* OS: Mac OS X (10.9.5, x86_64)                                      *
* Host: Christians-MacBook-Pro.local (192.168.1.6)                   *
*                                                                    *
* Agents Running:                                                    *
*   JMX Agent                                                        *
**********************************************************************
2015-02-16 13:04:33,249 INFO  [ReflectionServiceFactoryBean] Creating Service {http://xmlns.greenbird.com/schema/logger}LoggerPortService from class com.greenbird.xmlns.schema.logger.LoggerPort
2015-02-16 13:04:33,684 INFO  [XMLLoggingInInterceptor] LoggerServiceReceived uniqueId=f850344d-b5d3-11e4-8763-79956d81f022 correlationId=null
<soap:Envelope xmlns:soap="http://schemas.xmlsoap.org/soap/envelope/">
	<soap:Body>
		<performLogMessageRequest xmlns="http://xmlns.greenbird.com/schema/logger">
			<address>thomas.skjoelberg@greenbird.com</address>
			<subject>Subject</subject>
			<body>Body</body>
		</performLogMessageRequest>
	</soap:Body>
</soap:Envelope>
2015-02-16 13:04:33,793 INFO  [XMLLoggingOutInterceptor] LoggerServiceSent uniqueId=f850344d-b5d3-11e4-8763-79956d81f022 correlationId=null
<soap:Envelope xmlns:soap="http://schemas.xmlsoap.org/soap/envelope/">
	<soap:Body>
		<e:performLogMessageResponse xmlns:e="http://xmlns.greenbird.com/schema/logger">
			<e:status>1</e:status>
		</e:performLogMessageResponse>
	</soap:Body>
</soap:Envelope>
2015-02-16 13:04:33,812 INFO  [FlowConstructLifecycleManager] Stopping flow: main
2015-02-16 13:04:33,812 INFO  [HttpConnector] Removing listener on endpointUri: http://localhost:50000/services/logger/message
2015-02-16 13:04:33,812 INFO  [AbstractLifecycleManager] Stopping: 'null'. Object is: HttpMessageReceiver
2015-02-16 13:04:33,813 INFO  [AbstractLifecycleManager] Disposing: 'null'. Object is: HttpMessageReceiver
2015-02-16 13:04:33,814 INFO  [SedaStageLifecycleManager] Stopping service: main.stage1
2015-02-16 13:04:33,959 INFO  [AbstractLifecycleManager] Stopping model: _muleSystemModel
2015-02-16 13:04:33,961 INFO  [AbstractLifecycleManager] Stopping connector: connector.http.mule.default
2015-02-16 13:04:33,963 INFO  [TransactionalQueueManager] Stopping ResourceManager
2015-02-16 13:04:33,963 INFO  [TransactionalQueueManager] Stopped ResourceManager
2015-02-16 13:04:33,965 INFO  [AbstractLifecycleManager] Disposing RegistryBroker
2015-02-16 13:04:33,966 INFO  [HttpConnector] Disconnected: HttpConnector
{
  name=connector.http.mule.default
  lifecycle=stop
  this=84a4410
  numberOfConcurrentTransactedReceivers=4
  createMultipleTransactedReceivers=true
  connected=true
  supportedProtocols=[http]
  serviceOverrides=<none>
}

2015-02-16 13:04:33,966 INFO  [AbstractLifecycleManager] Disposing connector: connector.http.mule.default
2015-02-16 13:04:33,967 INFO  [ExpiryMonitor] disposing monitor
2015-02-16 13:04:33,973 INFO  [MuleApplicationContext] Closing org.mule.config.spring.MuleApplicationContext@6e774f6e: startup date [Mon Feb 16 13:04:30 CET 2015]; root of context hierarchy
2015-02-16 13:04:33,974 INFO  [DefaultListableBeanFactory] Destroying singletons in org.springframework.beans.factory.support.DefaultListableBeanFactory@1952c7b9: defining beans [_muleCustomEditorConfigurer,_muleObjectNameProcessor,_mulePropertyPlaceholderProcessor,_muleSimpleRegistryBootstrap,_muleNotificationManager,_muleAnnotationsProcessor,_muleTransformerAnnotationProcessor,_muleConfiguration,._muleNotificationManager:notification.1,._muleNotificationManager:notification.2,._muleNotificationManager:notification.3,._muleNotificationManager:notification.4,._muleNotificationManager:notification.5,._muleNotificationManager:notification.6,._muleNotificationManager:notification.7,._muleNotificationManager:notification.8,._muleNotificationManager:notification.9,._muleNotificationManager:notification.10,_muleSystemModel,_defaultInMemoryQueueStore,_defaultPersistentQueueStore,_defaultInMemoryObjectStore,_defaultPersistentObjectStore,_defaultUserObjectStore,_defaultTransientUserObjectStore,_muleQueueManager,_muleObjectStoreManager,_muleSecurityManager,_muleMessageProcessingManager,_muleProperties,_muleEndpointFactory,_muleStreamCloserService,_defaultThreadingProfile,_converterResolver,_defaultMessageDispatcherThreadingProfile,_defaultMessageRequesterThreadingProfile,_defaultMessageReceiverThreadingProfile,_defaultServiceThreadingProfile,_defaultRetryPolicyTemplate,_muleExpressionLanguage,_muleLockFactory,_muleLockProvider,_muleProcessingTimeWatcher,applicationProperties,inputPrettyPrinterFactory,outputPrettyPrinterFactory,main,.main:inbound-endpoint.11,.main:inbound-endpoint.11:proxy-service.12,.main:inbound-endpoint.11:proxy-service.12:inInterceptors.13,.main:inbound-endpoint.11:proxy-service.12:outInterceptors.14,.main:xslt-transformer.15,.main:xslt-transformer.15:context-property.16]; root of factory hierarchy
2015-02-16 13:04:33,975 INFO  [FlowConstructLifecycleManager] Disposing flow: main
2015-02-16 13:04:33,975 INFO  [SedaStageLifecycleManager] Disposing service: main.stage1
2015-02-16 13:04:33,975 INFO  [AbstractLifecycleManager] Disposing model: _muleSystemModel
2015-02-16 13:04:34,016 INFO  [DefaultMuleContext] 
**********************************************************************
* Mule Context shut down normally on: 2/16/15 1:04 PM                *
* Server was up for: 0 days, 0 hours, 0 mins, 1.676 sec              *
**********************************************************************
2015-02-16 13:04:37,692 INFO  [AbstractLifecycleManager] Initialising RegistryBroker
2015-02-16 13:04:37,804 INFO  [MuleApplicationContext] Refreshing org.mule.config.spring.MuleApplicationContext@15dcae3b: startup date [Mon Feb 16 13:04:37 CET 2015]; root of context hierarchy
2015-02-16 13:04:37,889 INFO  [XmlBeanDefinitionReader] Loading XML bean definitions from URL [jar:file:/Users/chr/.m2/repository/org/mule/modules/mule-module-spring-config/3.4.0/mule-module-spring-config-3.4.0.jar!/mule-spring-config.xml]
2015-02-16 13:04:38,006 INFO  [XmlBeanDefinitionReader] Loading XML bean definitions from URL [jar:file:/Users/chr/.m2/repository/org/mule/modules/mule-module-spring-config/3.4.0/mule-module-spring-config-3.4.0.jar!/default-mule-config.xml]
2015-02-16 13:04:38,361 INFO  [DefaultListableBeanFactory] Overriding bean definition for bean '_muleConfiguration': replacing [Generic bean: class [org.mule.config.spring.MuleConfigurationConfigurator]; scope=; abstract=false; lazyInit=false; autowireMode=0; dependencyCheck=0; autowireCandidate=true; primary=false; factoryBeanName=null; factoryMethodName=null; initMethodName=initialise; destroyMethodName=null; defined in URL [jar:file:/Users/chr/.m2/repository/org/mule/modules/mule-module-spring-config/3.4.0/mule-module-spring-config-3.4.0.jar!/default-mule-config.xml]] with [Generic bean: class [org.mule.config.spring.MuleConfigurationConfigurator]; scope=; abstract=false; lazyInit=false; autowireMode=0; dependencyCheck=0; autowireCandidate=true; primary=false; factoryBeanName=null; factoryMethodName=null; initMethodName=initialise; destroyMethodName=null; defined in URL [jar:file:/Users/chr/.m2/repository/org/mule/modules/mule-module-spring-config/3.4.0/mule-module-spring-config-3.4.0.jar!/default-mule-config.xml]]
2015-02-16 13:04:38,361 INFO  [DefaultListableBeanFactory] Overriding bean definition for bean '_muleConfiguration': replacing [Generic bean: class [org.mule.config.spring.MuleConfigurationConfigurator]; scope=; abstract=false; lazyInit=false; autowireMode=0; dependencyCheck=0; autowireCandidate=true; primary=false; factoryBeanName=null; factoryMethodName=null; initMethodName=initialise; destroyMethodName=null; defined in URL [jar:file:/Users/chr/.m2/repository/org/mule/modules/mule-module-spring-config/3.4.0/mule-module-spring-config-3.4.0.jar!/default-mule-config.xml]] with [Generic bean: class [org.mule.config.spring.MuleConfigurationConfigurator]; scope=; abstract=false; lazyInit=false; autowireMode=0; dependencyCheck=0; autowireCandidate=true; primary=false; factoryBeanName=null; factoryMethodName=null; initMethodName=initialise; destroyMethodName=null; defined in URL [jar:file:/Users/chr/.m2/repository/org/mule/modules/mule-module-spring-config/3.4.0/mule-module-spring-config-3.4.0.jar!/default-mule-config.xml]]
2015-02-16 13:04:38,363 INFO  [DefaultListableBeanFactory] Overriding bean definition for bean '_muleNotificationManager': replacing [Generic bean: class [org.mule.config.spring.ServerNotificationManagerConfigurator]; scope=; abstract=false; lazyInit=false; autowireMode=0; dependencyCheck=0; autowireCandidate=true; primary=false; factoryBeanName=null; factoryMethodName=null; initMethodName=initialise; destroyMethodName=null; defined in URL [jar:file:/Users/chr/.m2/repository/org/mule/modules/mule-module-spring-config/3.4.0/mule-module-spring-config-3.4.0.jar!/default-mule-config.xml]] with [Generic bean: class [org.mule.config.spring.ServerNotificationManagerConfigurator]; scope=; abstract=false; lazyInit=false; autowireMode=0; dependencyCheck=0; autowireCandidate=true; primary=false; factoryBeanName=null; factoryMethodName=null; initMethodName=initialise; destroyMethodName=null; defined in URL [jar:file:/Users/chr/.m2/repository/org/mule/modules/mule-module-spring-config/3.4.0/mule-module-spring-config-3.4.0.jar!/default-mule-config.xml]]
2015-02-16 13:04:38,364 INFO  [DefaultListableBeanFactory] Overriding bean definition for bean '_muleNotificationManager': replacing [Generic bean: class [org.mule.config.spring.ServerNotificationManagerConfigurator]; scope=; abstract=false; lazyInit=false; autowireMode=0; dependencyCheck=0; autowireCandidate=true; primary=false; factoryBeanName=null; factoryMethodName=null; initMethodName=initialise; destroyMethodName=null; defined in URL [jar:file:/Users/chr/.m2/repository/org/mule/modules/mule-module-spring-config/3.4.0/mule-module-spring-config-3.4.0.jar!/default-mule-config.xml]] with [Generic bean: class [org.mule.config.spring.ServerNotificationManagerConfigurator]; scope=; abstract=false; lazyInit=false; autowireMode=0; dependencyCheck=0; autowireCandidate=true; primary=false; factoryBeanName=null; factoryMethodName=null; initMethodName=initialise; destroyMethodName=null; defined in URL [jar:file:/Users/chr/.m2/repository/org/mule/modules/mule-module-spring-config/3.4.0/mule-module-spring-config-3.4.0.jar!/default-mule-config.xml]]
2015-02-16 13:04:38,372 INFO  [DefaultListableBeanFactory] Overriding bean definition for bean '_muleSystemModel': replacing [Root bean: class [org.mule.model.seda.SedaModel]; scope=singleton; abstract=false; lazyInit=false; autowireMode=0; dependencyCheck=0; autowireCandidate=true; primary=false; factoryBeanName=null; factoryMethodName=null; initMethodName=initialise; destroyMethodName=dispose] with [Root bean: class [org.mule.model.seda.SedaModel]; scope=singleton; abstract=false; lazyInit=false; autowireMode=0; dependencyCheck=0; autowireCandidate=true; primary=false; factoryBeanName=null; factoryMethodName=null; initMethodName=initialise; destroyMethodName=dispose]
2015-02-16 13:04:38,379 INFO  [XmlBeanDefinitionReader] Loading XML bean definitions from URL [file:/Users/chr/Greenbird/git/playground/xml-formatter/xmlformatter-tools/mule-cxf-example/target/test-classes/mule-config.xml]
2015-02-16 13:04:38,564 INFO  [DefaultListableBeanFactory] Overriding bean definition for bean 'main': replacing [Root bean: class [org.mule.construct.Flow]; scope=singleton; abstract=false; lazyInit=false; autowireMode=0; dependencyCheck=0; autowireCandidate=true; primary=false; factoryBeanName=null; factoryMethodName=null; initMethodName=initialise; destroyMethodName=dispose] with [Root bean: class [org.mule.construct.Flow]; scope=singleton; abstract=false; lazyInit=false; autowireMode=0; dependencyCheck=0; autowireCandidate=true; primary=false; factoryBeanName=null; factoryMethodName=null; initMethodName=initialise; destroyMethodName=dispose]
2015-02-16 13:04:39,007 INFO  [PropertyPlaceholderConfigurer] Loading properties file from class path resource [application.properties]
2015-02-16 13:04:39,050 INFO  [DefaultListableBeanFactory] Pre-instantiating singletons in org.springframework.beans.factory.support.DefaultListableBeanFactory@56006ed7: defining beans [_muleCustomEditorConfigurer,_muleObjectNameProcessor,_mulePropertyPlaceholderProcessor,_muleSimpleRegistryBootstrap,_muleNotificationManager,_muleAnnotationsProcessor,_muleTransformerAnnotationProcessor,_muleConfiguration,._muleNotificationManager:notification.1,._muleNotificationManager:notification.2,._muleNotificationManager:notification.3,._muleNotificationManager:notification.4,._muleNotificationManager:notification.5,._muleNotificationManager:notification.6,._muleNotificationManager:notification.7,._muleNotificationManager:notification.8,._muleNotificationManager:notification.9,._muleNotificationManager:notification.10,_muleSystemModel,_defaultInMemoryQueueStore,_defaultPersistentQueueStore,_defaultInMemoryObjectStore,_defaultPersistentObjectStore,_defaultUserObjectStore,_defaultTransientUserObjectStore,_muleQueueManager,_muleObjectStoreManager,_muleSecurityManager,_muleMessageProcessingManager,_muleProperties,_muleEndpointFactory,_muleStreamCloserService,_defaultThreadingProfile,_converterResolver,_defaultMessageDispatcherThreadingProfile,_defaultMessageRequesterThreadingProfile,_defaultMessageReceiverThreadingProfile,_defaultServiceThreadingProfile,_defaultRetryPolicyTemplate,_muleExpressionLanguage,_muleLockFactory,_muleLockProvider,_muleProcessingTimeWatcher,applicationProperties,inputPrettyPrinterFactory,outputPrettyPrinterFactory,main,.main:inbound-endpoint.11,.main:inbound-endpoint.11:proxy-service.12,.main:inbound-endpoint.11:proxy-service.12:inInterceptors.13,.main:inbound-endpoint.11:proxy-service.12:outInterceptors.14,.main:xslt-transformer.15,.main:xslt-transformer.15:context-property.16]; root of factory hierarchy
2015-02-16 13:04:39,354 INFO  [AbstractLifecycleManager] Initialising model: _muleSystemModel
2015-02-16 13:04:39,597 INFO  [AbstractLifecycleManager] Initialising connector: connector.http.mule.default
2015-02-16 13:04:39,647 INFO  [FlowConstructLifecycleManager] Initialising flow: main
2015-02-16 13:04:39,648 INFO  [DefaultMessagingExceptionStrategy] Initialising exception listener: org.mule.exception.DefaultMessagingExceptionStrategy@4efaa03e
2015-02-16 13:04:39,659 INFO  [SedaStageLifecycleManager] Initialising service: main.stage1
2015-02-16 13:04:39,922 INFO  [AutoConfigurationBuilder] Configured Mule using "org.mule.config.spring.SpringXmlConfigurationBuilder" with configuration resource(s): "[ConfigResource{resourceName='mule-config.xml'}]"
2015-02-16 13:04:39,925 INFO  [TransactionalQueueManager] Starting ResourceManager
2015-02-16 13:04:39,929 INFO  [TransactionalQueueManager] Started ResourceManager
2015-02-16 13:04:39,931 INFO  [HttpConnector] Connected: HttpConnector
{
  name=connector.http.mule.default
  lifecycle=initialise
  this=50d32527
  numberOfConcurrentTransactedReceivers=4
  createMultipleTransactedReceivers=true
  connected=true
  supportedProtocols=[http]
  serviceOverrides=<none>
}

2015-02-16 13:04:39,931 INFO  [HttpConnector] Starting: HttpConnector
{
  name=connector.http.mule.default
  lifecycle=initialise
  this=50d32527
  numberOfConcurrentTransactedReceivers=4
  createMultipleTransactedReceivers=true
  connected=true
  supportedProtocols=[http]
  serviceOverrides=<none>
}

2015-02-16 13:04:39,932 INFO  [AbstractLifecycleManager] Starting connector: connector.http.mule.default
2015-02-16 13:04:39,934 INFO  [AbstractLifecycleManager] Starting model: _muleSystemModel
2015-02-16 13:04:39,936 INFO  [FlowConstructLifecycleManager] Starting flow: main
2015-02-16 13:04:39,936 INFO  [SedaStageLifecycleManager] Starting service: main.stage1
2015-02-16 13:04:40,196 INFO  [ReflectionServiceFactoryBean] Creating Service {http://xmlns.greenbird.com/schema/logger}LoggerService from WSDL: classpath:wsdl/logger.wsdl
2015-02-16 13:04:40,291 INFO  [ServerImpl] Setting the server's publish address to be http://internalMuleCxfRegistry/1867318451
2015-02-16 13:04:40,295 INFO  [HttpConnector] Registering listener: main on endpointUri: http://localhost:50000/services/logger/message
2015-02-16 13:04:40,299 INFO  [DefaultTransportServiceDescriptor] Loading default response transformer: org.mule.transport.http.transformers.MuleMessageToHttpResponse
2015-02-16 13:04:40,312 INFO  [AbstractLifecycleManager] Initialising: 'null'. Object is: HttpMessageReceiver
2015-02-16 13:04:40,317 INFO  [HttpMessageReceiver] Connecting clusterizable message receiver
2015-02-16 13:04:40,324 INFO  [AbstractLifecycleManager] Starting: 'null'. Object is: HttpMessageReceiver
2015-02-16 13:04:40,324 INFO  [HttpMessageReceiver] Starting clusterizable message receiver
2015-02-16 13:04:40,332 INFO  [WrapperManagerAgent] This JVM hasn't been launched by the wrapper, the agent will not run.
2015-02-16 13:04:40,350 INFO  [JmxAgent] Attempting to register service with name: Mule.faa631c4-b5d3-11e4-879d-61cf38ad160d:type=Endpoint,service="main",connector=connector.http.mule.default,name="endpoint.http.localhost.50000.services.logger.message"
2015-02-16 13:04:40,351 INFO  [JmxAgent] Registered Endpoint Service with name: Mule.faa631c4-b5d3-11e4-879d-61cf38ad160d:type=Endpoint,service="main",connector=connector.http.mule.default,name="endpoint.http.localhost.50000.services.logger.message"
2015-02-16 13:04:40,352 INFO  [JmxAgent] Registered Connector Service with name Mule.faa631c4-b5d3-11e4-879d-61cf38ad160d:type=Connector,name="connector.http.mule.default.1"
2015-02-16 13:04:40,356 INFO  [DefaultMuleContext] 
**********************************************************************
* Mule ESB and Integration Platform                                  *
* Version: 3.4.0 Build: c8afb471                                     *
* MuleSoft, Inc.                                                     *
* For more information go to http://www.mulesoft.org                 *
*                                                                    *
* Server started: 2/16/15 1:04 PM                                    *
* Server ID: faa631c4-b5d3-11e4-879d-61cf38ad160d                    *
* JDK: 1.7.0_71 (mixed mode)                                         *
* OS encoding: UTF-8, Mule encoding: UTF-8                           *
* OS: Mac OS X (10.9.5, x86_64)                                      *
* Host: Christians-MacBook-Pro.local (192.168.1.6)                   *
*                                                                    *
* Agents Running:                                                    *
*   JMX Agent                                                        *
**********************************************************************
2015-02-16 13:04:40,379 INFO  [ReflectionServiceFactoryBean] Creating Service {http://xmlns.greenbird.com/schema/logger}LoggerPortService from class com.greenbird.xmlns.schema.logger.LoggerPort
2015-02-16 13:04:40,755 INFO  [XMLLoggingInInterceptor] LoggerServiceReceived uniqueId=fc87750b-b5d3-11e4-879d-61cf38ad160d correlationId=null
<soap:Envelope xmlns:soap="http://schemas.xmlsoap.org/soap/envelope/">
	<soap:Body>
		<performLogMessageRequest xmlns="http://xmlns.greenbird.com/schema/logger">
			<address>thomas.skjoelberg@greenbird.com</address>
			<subject>Subject</subject>
			<body>Body</body>
		</performLogMessageRequest>
	</soap:Body>
</soap:Envelope>
2015-02-16 13:04:40,858 INFO  [XMLLoggingOutInterceptor] LoggerServiceSent uniqueId=fc87750b-b5d3-11e4-879d-61cf38ad160d correlationId=null
<soap:Envelope xmlns:soap="http://schemas.xmlsoap.org/soap/envelope/">
	<soap:Body>
		<e:performLogMessageResponse xmlns:e="http://xmlns.greenbird.com/schema/logger">
			<e:status>1</e:status>
		</e:performLogMessageResponse>
	</soap:Body>
</soap:Envelope>
2015-02-16 13:04:40,878 INFO  [FlowConstructLifecycleManager] Stopping flow: main
2015-02-16 13:04:40,878 INFO  [HttpConnector] Removing listener on endpointUri: http://localhost:50000/services/logger/message
2015-02-16 13:04:40,879 INFO  [AbstractLifecycleManager] Stopping: 'null'. Object is: HttpMessageReceiver
2015-02-16 13:04:40,879 INFO  [AbstractLifecycleManager] Disposing: 'null'. Object is: HttpMessageReceiver
2015-02-16 13:04:40,880 INFO  [SedaStageLifecycleManager] Stopping service: main.stage1
2015-02-16 13:04:40,944 INFO  [AbstractLifecycleManager] Stopping model: _muleSystemModel
2015-02-16 13:04:40,948 INFO  [AbstractLifecycleManager] Stopping connector: connector.http.mule.default
2015-02-16 13:04:40,949 INFO  [TransactionalQueueManager] Stopping ResourceManager
2015-02-16 13:04:40,949 INFO  [TransactionalQueueManager] Stopped ResourceManager
2015-02-16 13:04:40,951 INFO  [AbstractLifecycleManager] Disposing RegistryBroker
2015-02-16 13:04:40,952 INFO  [HttpConnector] Disconnected: HttpConnector
{
  name=connector.http.mule.default
  lifecycle=stop
  this=50d32527
  numberOfConcurrentTransactedReceivers=4
  createMultipleTransactedReceivers=true
  connected=true
  supportedProtocols=[http]
  serviceOverrides=<none>
}

2015-02-16 13:04:40,952 INFO  [AbstractLifecycleManager] Disposing connector: connector.http.mule.default
2015-02-16 13:04:40,953 INFO  [ExpiryMonitor] disposing monitor
2015-02-16 13:04:40,959 INFO  [MuleApplicationContext] Closing org.mule.config.spring.MuleApplicationContext@15dcae3b: startup date [Mon Feb 16 13:04:37 CET 2015]; root of context hierarchy
2015-02-16 13:04:40,960 INFO  [DefaultListableBeanFactory] Destroying singletons in org.springframework.beans.factory.support.DefaultListableBeanFactory@56006ed7: defining beans [_muleCustomEditorConfigurer,_muleObjectNameProcessor,_mulePropertyPlaceholderProcessor,_muleSimpleRegistryBootstrap,_muleNotificationManager,_muleAnnotationsProcessor,_muleTransformerAnnotationProcessor,_muleConfiguration,._muleNotificationManager:notification.1,._muleNotificationManager:notification.2,._muleNotificationManager:notification.3,._muleNotificationManager:notification.4,._muleNotificationManager:notification.5,._muleNotificationManager:notification.6,._muleNotificationManager:notification.7,._muleNotificationManager:notification.8,._muleNotificationManager:notification.9,._muleNotificationManager:notification.10,_muleSystemModel,_defaultInMemoryQueueStore,_defaultPersistentQueueStore,_defaultInMemoryObjectStore,_defaultPersistentObjectStore,_defaultUserObjectStore,_defaultTransientUserObjectStore,_muleQueueManager,_muleObjectStoreManager,_muleSecurityManager,_muleMessageProcessingManager,_muleProperties,_muleEndpointFactory,_muleStreamCloserService,_defaultThreadingProfile,_converterResolver,_defaultMessageDispatcherThreadingProfile,_defaultMessageRequesterThreadingProfile,_defaultMessageReceiverThreadingProfile,_defaultServiceThreadingProfile,_defaultRetryPolicyTemplate,_muleExpressionLanguage,_muleLockFactory,_muleLockProvider,_muleProcessingTimeWatcher,applicationProperties,inputPrettyPrinterFactory,outputPrettyPrinterFactory,main,.main:inbound-endpoint.11,.main:inbound-endpoint.11:proxy-service.12,.main:inbound-endpoint.11:proxy-service.12:inInterceptors.13,.main:inbound-endpoint.11:proxy-service.12:outInterceptors.14,.main:xslt-transformer.15,.main:xslt-transformer.15:context-property.16]; root of factory hierarchy
2015-02-16 13:04:40,961 INFO  [FlowConstructLifecycleManager] Disposing flow: main
2015-02-16 13:04:40,961 INFO  [SedaStageLifecycleManager] Disposing service: main.stage1
2015-02-16 13:04:40,961 INFO  [AbstractLifecycleManager] Disposing model: _muleSystemModel
2015-02-16 13:04:41,085 INFO  [DefaultMuleContext] 
**********************************************************************
* Mule Context shut down normally on: 2/16/15 1:04 PM                *
* Server was up for: 0 days, 0 hours, 0 mins, 1.158 sec              *
**********************************************************************
2015-02-16 13:07:51,219 INFO  [AbstractLifecycleManager] Initialising RegistryBroker
2015-02-16 13:07:51,318 INFO  [MuleApplicationContext] Refreshing org.mule.config.spring.MuleApplicationContext@51986e63: startup date [Mon Feb 16 13:07:51 CET 2015]; root of context hierarchy
2015-02-16 13:07:51,400 INFO  [XmlBeanDefinitionReader] Loading XML bean definitions from URL [jar:file:/Users/chr/.m2/repository/org/mule/modules/mule-module-spring-config/3.4.0/mule-module-spring-config-3.4.0.jar!/mule-spring-config.xml]
2015-02-16 13:07:51,509 INFO  [XmlBeanDefinitionReader] Loading XML bean definitions from URL [jar:file:/Users/chr/.m2/repository/org/mule/modules/mule-module-spring-config/3.4.0/mule-module-spring-config-3.4.0.jar!/default-mule-config.xml]
2015-02-16 13:07:51,844 INFO  [DefaultListableBeanFactory] Overriding bean definition for bean '_muleConfiguration': replacing [Generic bean: class [org.mule.config.spring.MuleConfigurationConfigurator]; scope=; abstract=false; lazyInit=false; autowireMode=0; dependencyCheck=0; autowireCandidate=true; primary=false; factoryBeanName=null; factoryMethodName=null; initMethodName=initialise; destroyMethodName=null; defined in URL [jar:file:/Users/chr/.m2/repository/org/mule/modules/mule-module-spring-config/3.4.0/mule-module-spring-config-3.4.0.jar!/default-mule-config.xml]] with [Generic bean: class [org.mule.config.spring.MuleConfigurationConfigurator]; scope=; abstract=false; lazyInit=false; autowireMode=0; dependencyCheck=0; autowireCandidate=true; primary=false; factoryBeanName=null; factoryMethodName=null; initMethodName=initialise; destroyMethodName=null; defined in URL [jar:file:/Users/chr/.m2/repository/org/mule/modules/mule-module-spring-config/3.4.0/mule-module-spring-config-3.4.0.jar!/default-mule-config.xml]]
2015-02-16 13:07:51,844 INFO  [DefaultListableBeanFactory] Overriding bean definition for bean '_muleConfiguration': replacing [Generic bean: class [org.mule.config.spring.MuleConfigurationConfigurator]; scope=; abstract=false; lazyInit=false; autowireMode=0; dependencyCheck=0; autowireCandidate=true; primary=false; factoryBeanName=null; factoryMethodName=null; initMethodName=initialise; destroyMethodName=null; defined in URL [jar:file:/Users/chr/.m2/repository/org/mule/modules/mule-module-spring-config/3.4.0/mule-module-spring-config-3.4.0.jar!/default-mule-config.xml]] with [Generic bean: class [org.mule.config.spring.MuleConfigurationConfigurator]; scope=; abstract=false; lazyInit=false; autowireMode=0; dependencyCheck=0; autowireCandidate=true; primary=false; factoryBeanName=null; factoryMethodName=null; initMethodName=initialise; destroyMethodName=null; defined in URL [jar:file:/Users/chr/.m2/repository/org/mule/modules/mule-module-spring-config/3.4.0/mule-module-spring-config-3.4.0.jar!/default-mule-config.xml]]
2015-02-16 13:07:51,845 INFO  [DefaultListableBeanFactory] Overriding bean definition for bean '_muleNotificationManager': replacing [Generic bean: class [org.mule.config.spring.ServerNotificationManagerConfigurator]; scope=; abstract=false; lazyInit=false; autowireMode=0; dependencyCheck=0; autowireCandidate=true; primary=false; factoryBeanName=null; factoryMethodName=null; initMethodName=initialise; destroyMethodName=null; defined in URL [jar:file:/Users/chr/.m2/repository/org/mule/modules/mule-module-spring-config/3.4.0/mule-module-spring-config-3.4.0.jar!/default-mule-config.xml]] with [Generic bean: class [org.mule.config.spring.ServerNotificationManagerConfigurator]; scope=; abstract=false; lazyInit=false; autowireMode=0; dependencyCheck=0; autowireCandidate=true; primary=false; factoryBeanName=null; factoryMethodName=null; initMethodName=initialise; destroyMethodName=null; defined in URL [jar:file:/Users/chr/.m2/repository/org/mule/modules/mule-module-spring-config/3.4.0/mule-module-spring-config-3.4.0.jar!/default-mule-config.xml]]
2015-02-16 13:07:51,845 INFO  [DefaultListableBeanFactory] Overriding bean definition for bean '_muleNotificationManager': replacing [Generic bean: class [org.mule.config.spring.ServerNotificationManagerConfigurator]; scope=; abstract=false; lazyInit=false; autowireMode=0; dependencyCheck=0; autowireCandidate=true; primary=false; factoryBeanName=null; factoryMethodName=null; initMethodName=initialise; destroyMethodName=null; defined in URL [jar:file:/Users/chr/.m2/repository/org/mule/modules/mule-module-spring-config/3.4.0/mule-module-spring-config-3.4.0.jar!/default-mule-config.xml]] with [Generic bean: class [org.mule.config.spring.ServerNotificationManagerConfigurator]; scope=; abstract=false; lazyInit=false; autowireMode=0; dependencyCheck=0; autowireCandidate=true; primary=false; factoryBeanName=null; factoryMethodName=null; initMethodName=initialise; destroyMethodName=null; defined in URL [jar:file:/Users/chr/.m2/repository/org/mule/modules/mule-module-spring-config/3.4.0/mule-module-spring-config-3.4.0.jar!/default-mule-config.xml]]
2015-02-16 13:07:51,853 INFO  [DefaultListableBeanFactory] Overriding bean definition for bean '_muleSystemModel': replacing [Root bean: class [org.mule.model.seda.SedaModel]; scope=singleton; abstract=false; lazyInit=false; autowireMode=0; dependencyCheck=0; autowireCandidate=true; primary=false; factoryBeanName=null; factoryMethodName=null; initMethodName=initialise; destroyMethodName=dispose] with [Root bean: class [org.mule.model.seda.SedaModel]; scope=singleton; abstract=false; lazyInit=false; autowireMode=0; dependencyCheck=0; autowireCandidate=true; primary=false; factoryBeanName=null; factoryMethodName=null; initMethodName=initialise; destroyMethodName=dispose]
2015-02-16 13:07:51,859 INFO  [XmlBeanDefinitionReader] Loading XML bean definitions from URL [file:/Users/chr/Greenbird/git/playground/xml-formatter/xmlformatter-tools/mule-cxf-example/target/test-classes/mule-config.xml]
2015-02-16 13:07:52,018 INFO  [DefaultListableBeanFactory] Overriding bean definition for bean 'main': replacing [Root bean: class [org.mule.construct.Flow]; scope=singleton; abstract=false; lazyInit=false; autowireMode=0; dependencyCheck=0; autowireCandidate=true; primary=false; factoryBeanName=null; factoryMethodName=null; initMethodName=initialise; destroyMethodName=dispose] with [Root bean: class [org.mule.construct.Flow]; scope=singleton; abstract=false; lazyInit=false; autowireMode=0; dependencyCheck=0; autowireCandidate=true; primary=false; factoryBeanName=null; factoryMethodName=null; initMethodName=initialise; destroyMethodName=dispose]
2015-02-16 13:07:52,437 INFO  [PropertyPlaceholderConfigurer] Loading properties file from class path resource [application.properties]
2015-02-16 13:07:52,481 INFO  [DefaultListableBeanFactory] Pre-instantiating singletons in org.springframework.beans.factory.support.DefaultListableBeanFactory@49bf644: defining beans [_muleCustomEditorConfigurer,_muleObjectNameProcessor,_mulePropertyPlaceholderProcessor,_muleSimpleRegistryBootstrap,_muleNotificationManager,_muleAnnotationsProcessor,_muleTransformerAnnotationProcessor,_muleConfiguration,._muleNotificationManager:notification.1,._muleNotificationManager:notification.2,._muleNotificationManager:notification.3,._muleNotificationManager:notification.4,._muleNotificationManager:notification.5,._muleNotificationManager:notification.6,._muleNotificationManager:notification.7,._muleNotificationManager:notification.8,._muleNotificationManager:notification.9,._muleNotificationManager:notification.10,_muleSystemModel,_defaultInMemoryQueueStore,_defaultPersistentQueueStore,_defaultInMemoryObjectStore,_defaultPersistentObjectStore,_defaultUserObjectStore,_defaultTransientUserObjectStore,_muleQueueManager,_muleObjectStoreManager,_muleSecurityManager,_muleMessageProcessingManager,_muleProperties,_muleEndpointFactory,_muleStreamCloserService,_defaultThreadingProfile,_converterResolver,_defaultMessageDispatcherThreadingProfile,_defaultMessageRequesterThreadingProfile,_defaultMessageReceiverThreadingProfile,_defaultServiceThreadingProfile,_defaultRetryPolicyTemplate,_muleExpressionLanguage,_muleLockFactory,_muleLockProvider,_muleProcessingTimeWatcher,applicationProperties,inputPrettyPrinterFactory,outputPrettyPrinterFactory,main,.main:inbound-endpoint.11,.main:inbound-endpoint.11:proxy-service.12,.main:inbound-endpoint.11:proxy-service.12:inInterceptors.13,.main:inbound-endpoint.11:proxy-service.12:outInterceptors.14,.main:xslt-transformer.15,.main:xslt-transformer.15:context-property.16]; root of factory hierarchy
2015-02-16 13:07:52,771 INFO  [AbstractLifecycleManager] Initialising model: _muleSystemModel
2015-02-16 13:07:53,000 INFO  [AbstractLifecycleManager] Initialising connector: connector.http.mule.default
2015-02-16 13:07:53,057 INFO  [FlowConstructLifecycleManager] Initialising flow: main
2015-02-16 13:07:53,057 INFO  [DefaultMessagingExceptionStrategy] Initialising exception listener: org.mule.exception.DefaultMessagingExceptionStrategy@7fd2b8b9
2015-02-16 13:07:53,067 INFO  [SedaStageLifecycleManager] Initialising service: main.stage1
2015-02-16 13:07:53,321 INFO  [AutoConfigurationBuilder] Configured Mule using "org.mule.config.spring.SpringXmlConfigurationBuilder" with configuration resource(s): "[ConfigResource{resourceName='mule-config.xml'}]"
2015-02-16 13:07:53,324 INFO  [TransactionalQueueManager] Starting ResourceManager
2015-02-16 13:07:53,328 INFO  [TransactionalQueueManager] Started ResourceManager
2015-02-16 13:07:53,331 INFO  [HttpConnector] Connected: HttpConnector
{
  name=connector.http.mule.default
  lifecycle=initialise
  this=50362fee
  numberOfConcurrentTransactedReceivers=4
  createMultipleTransactedReceivers=true
  connected=true
  supportedProtocols=[http]
  serviceOverrides=<none>
}

2015-02-16 13:07:53,331 INFO  [HttpConnector] Starting: HttpConnector
{
  name=connector.http.mule.default
  lifecycle=initialise
  this=50362fee
  numberOfConcurrentTransactedReceivers=4
  createMultipleTransactedReceivers=true
  connected=true
  supportedProtocols=[http]
  serviceOverrides=<none>
}

2015-02-16 13:07:53,331 INFO  [AbstractLifecycleManager] Starting connector: connector.http.mule.default
2015-02-16 13:07:53,333 INFO  [AbstractLifecycleManager] Starting model: _muleSystemModel
2015-02-16 13:07:53,334 INFO  [FlowConstructLifecycleManager] Starting flow: main
2015-02-16 13:07:53,335 INFO  [SedaStageLifecycleManager] Starting service: main.stage1
2015-02-16 13:07:53,580 INFO  [ReflectionServiceFactoryBean] Creating Service {http://xmlns.greenbird.com/schema/logger}LoggerService from WSDL: classpath:wsdl/logger.wsdl
2015-02-16 13:07:53,674 INFO  [ServerImpl] Setting the server's publish address to be http://internalMuleCxfRegistry/1158990045
2015-02-16 13:07:53,678 INFO  [HttpConnector] Registering listener: main on endpointUri: http://localhost:50000/services/logger/message
2015-02-16 13:07:53,682 INFO  [DefaultTransportServiceDescriptor] Loading default response transformer: org.mule.transport.http.transformers.MuleMessageToHttpResponse
2015-02-16 13:07:53,693 INFO  [AbstractLifecycleManager] Initialising: 'null'. Object is: HttpMessageReceiver
2015-02-16 13:07:53,697 INFO  [HttpMessageReceiver] Connecting clusterizable message receiver
2015-02-16 13:07:53,703 INFO  [AbstractLifecycleManager] Starting: 'null'. Object is: HttpMessageReceiver
2015-02-16 13:07:53,703 INFO  [HttpMessageReceiver] Starting clusterizable message receiver
2015-02-16 13:07:53,708 INFO  [WrapperManagerAgent] This JVM hasn't been launched by the wrapper, the agent will not run.
2015-02-16 13:07:53,762 INFO  [JmxAgent] Attempting to register service with name: Mule.6e0039ab-b5d4-11e4-9a45-aba497cbbb5a:type=Endpoint,service="main",connector=connector.http.mule.default,name="endpoint.http.localhost.50000.services.logger.message"
2015-02-16 13:07:53,762 INFO  [JmxAgent] Registered Endpoint Service with name: Mule.6e0039ab-b5d4-11e4-9a45-aba497cbbb5a:type=Endpoint,service="main",connector=connector.http.mule.default,name="endpoint.http.localhost.50000.services.logger.message"
2015-02-16 13:07:53,763 INFO  [JmxAgent] Registered Connector Service with name Mule.6e0039ab-b5d4-11e4-9a45-aba497cbbb5a:type=Connector,name="connector.http.mule.default.1"
2015-02-16 13:07:53,766 INFO  [DefaultMuleContext] 
**********************************************************************
* Mule ESB and Integration Platform                                  *
* Version: 3.4.0 Build: c8afb471                                     *
* MuleSoft, Inc.                                                     *
* For more information go to http://www.mulesoft.org                 *
*                                                                    *
* Server started: 2/16/15 1:07 PM                                    *
* Server ID: 6e0039ab-b5d4-11e4-9a45-aba497cbbb5a                    *
* JDK: 1.7.0_71 (mixed mode)                                         *
* OS encoding: UTF-8, Mule encoding: UTF-8                           *
* OS: Mac OS X (10.9.5, x86_64)                                      *
* Host: Christians-MacBook-Pro.local (192.168.1.6)                   *
*                                                                    *
* Agents Running:                                                    *
*   JMX Agent                                                        *
**********************************************************************
2015-02-16 13:07:53,794 INFO  [ReflectionServiceFactoryBean] Creating Service {http://xmlns.greenbird.com/schema/logger}LoggerPortService from class com.greenbird.xmlns.schema.logger.LoggerPort
2015-02-16 13:07:54,178 INFO  [XMLLoggingInInterceptor] LoggerServiceReceived uniqueId=6fd14f52-b5d4-11e4-9a45-aba497cbbb5a correlationId=null
<soap:Envelope xmlns:soap="http://schemas.xmlsoap.org/soap/envelope/">
	<soap:Body>
		<performLogMessageRequest xmlns="http://xmlns.greenbird.com/schema/logger">
			<address>thomas.skjoelberg@greenbird.com</address>
			<subject>Subject</subject>
			<body>Body</body>
		</performLogMessageRequest>
	</soap:Body>
</soap:Envelope>
2015-02-16 13:07:54,275 INFO  [XMLLoggingOutInterceptor] LoggerServiceSent uniqueId=6fd14f52-b5d4-11e4-9a45-aba497cbbb5a correlationId=null
<soap:Envelope xmlns:soap="http://schemas.xmlsoap.org/soap/envelope/">
	<soap:Body>
		<e:performLogMessageResponse xmlns:e="http://xmlns.greenbird.com/schema/logger">
			<e:status>1</e:status>
		</e:performLogMessageResponse>
	</soap:Body>
</soap:Envelope>
2015-02-16 13:07:54,292 INFO  [FlowConstructLifecycleManager] Stopping flow: main
2015-02-16 13:07:54,292 INFO  [HttpConnector] Removing listener on endpointUri: http://localhost:50000/services/logger/message
2015-02-16 13:07:54,293 INFO  [AbstractLifecycleManager] Stopping: 'null'. Object is: HttpMessageReceiver
2015-02-16 13:07:54,293 INFO  [AbstractLifecycleManager] Disposing: 'null'. Object is: HttpMessageReceiver
2015-02-16 13:07:54,294 INFO  [SedaStageLifecycleManager] Stopping service: main.stage1
2015-02-16 13:07:54,342 INFO  [AbstractLifecycleManager] Stopping model: _muleSystemModel
2015-02-16 13:07:54,344 INFO  [AbstractLifecycleManager] Stopping connector: connector.http.mule.default
2015-02-16 13:07:54,345 INFO  [TransactionalQueueManager] Stopping ResourceManager
2015-02-16 13:07:54,345 INFO  [TransactionalQueueManager] Stopped ResourceManager
2015-02-16 13:07:54,347 INFO  [AbstractLifecycleManager] Disposing RegistryBroker
2015-02-16 13:07:54,348 INFO  [HttpConnector] Disconnected: HttpConnector
{
  name=connector.http.mule.default
  lifecycle=stop
  this=50362fee
  numberOfConcurrentTransactedReceivers=4
  createMultipleTransactedReceivers=true
  connected=true
  supportedProtocols=[http]
  serviceOverrides=<none>
}

2015-02-16 13:07:54,349 INFO  [AbstractLifecycleManager] Disposing connector: connector.http.mule.default
2015-02-16 13:07:54,349 INFO  [ExpiryMonitor] disposing monitor
2015-02-16 13:07:54,357 INFO  [MuleApplicationContext] Closing org.mule.config.spring.MuleApplicationContext@51986e63: startup date [Mon Feb 16 13:07:51 CET 2015]; root of context hierarchy
2015-02-16 13:07:54,358 INFO  [DefaultListableBeanFactory] Destroying singletons in org.springframework.beans.factory.support.DefaultListableBeanFactory@49bf644: defining beans [_muleCustomEditorConfigurer,_muleObjectNameProcessor,_mulePropertyPlaceholderProcessor,_muleSimpleRegistryBootstrap,_muleNotificationManager,_muleAnnotationsProcessor,_muleTransformerAnnotationProcessor,_muleConfiguration,._muleNotificationManager:notification.1,._muleNotificationManager:notification.2,._muleNotificationManager:notification.3,._muleNotificationManager:notification.4,._muleNotificationManager:notification.5,._muleNotificationManager:notification.6,._muleNotificationManager:notification.7,._muleNotificationManager:notification.8,._muleNotificationManager:notification.9,._muleNotificationManager:notification.10,_muleSystemModel,_defaultInMemoryQueueStore,_defaultPersistentQueueStore,_defaultInMemoryObjectStore,_defaultPersistentObjectStore,_defaultUserObjectStore,_defaultTransientUserObjectStore,_muleQueueManager,_muleObjectStoreManager,_muleSecurityManager,_muleMessageProcessingManager,_muleProperties,_muleEndpointFactory,_muleStreamCloserService,_defaultThreadingProfile,_converterResolver,_defaultMessageDispatcherThreadingProfile,_defaultMessageRequesterThreadingProfile,_defaultMessageReceiverThreadingProfile,_defaultServiceThreadingProfile,_defaultRetryPolicyTemplate,_muleExpressionLanguage,_muleLockFactory,_muleLockProvider,_muleProcessingTimeWatcher,applicationProperties,inputPrettyPrinterFactory,outputPrettyPrinterFactory,main,.main:inbound-endpoint.11,.main:inbound-endpoint.11:proxy-service.12,.main:inbound-endpoint.11:proxy-service.12:inInterceptors.13,.main:inbound-endpoint.11:proxy-service.12:outInterceptors.14,.main:xslt-transformer.15,.main:xslt-transformer.15:context-property.16]; root of factory hierarchy
2015-02-16 13:07:54,359 INFO  [FlowConstructLifecycleManager] Disposing flow: main
2015-02-16 13:07:54,359 INFO  [SedaStageLifecycleManager] Disposing service: main.stage1
2015-02-16 13:07:54,360 INFO  [AbstractLifecycleManager] Disposing model: _muleSystemModel
2015-02-16 13:07:54,497 INFO  [DefaultMuleContext] 
**********************************************************************
* Mule Context shut down normally on: 2/16/15 1:07 PM                *
* Server was up for: 0 days, 0 hours, 0 mins, 1.172 sec              *
**********************************************************************
2015-02-16 13:07:58,153 INFO  [AbstractLifecycleManager] Initialising RegistryBroker
2015-02-16 13:07:58,259 INFO  [MuleApplicationContext] Refreshing org.mule.config.spring.MuleApplicationContext@5238e759: startup date [Mon Feb 16 13:07:58 CET 2015]; root of context hierarchy
2015-02-16 13:07:58,341 INFO  [XmlBeanDefinitionReader] Loading XML bean definitions from URL [jar:file:/Users/chr/.m2/repository/org/mule/modules/mule-module-spring-config/3.4.0/mule-module-spring-config-3.4.0.jar!/mule-spring-config.xml]
2015-02-16 13:07:58,449 INFO  [XmlBeanDefinitionReader] Loading XML bean definitions from URL [jar:file:/Users/chr/.m2/repository/org/mule/modules/mule-module-spring-config/3.4.0/mule-module-spring-config-3.4.0.jar!/default-mule-config.xml]
2015-02-16 13:07:58,795 INFO  [DefaultListableBeanFactory] Overriding bean definition for bean '_muleConfiguration': replacing [Generic bean: class [org.mule.config.spring.MuleConfigurationConfigurator]; scope=; abstract=false; lazyInit=false; autowireMode=0; dependencyCheck=0; autowireCandidate=true; primary=false; factoryBeanName=null; factoryMethodName=null; initMethodName=initialise; destroyMethodName=null; defined in URL [jar:file:/Users/chr/.m2/repository/org/mule/modules/mule-module-spring-config/3.4.0/mule-module-spring-config-3.4.0.jar!/default-mule-config.xml]] with [Generic bean: class [org.mule.config.spring.MuleConfigurationConfigurator]; scope=; abstract=false; lazyInit=false; autowireMode=0; dependencyCheck=0; autowireCandidate=true; primary=false; factoryBeanName=null; factoryMethodName=null; initMethodName=initialise; destroyMethodName=null; defined in URL [jar:file:/Users/chr/.m2/repository/org/mule/modules/mule-module-spring-config/3.4.0/mule-module-spring-config-3.4.0.jar!/default-mule-config.xml]]
2015-02-16 13:07:58,796 INFO  [DefaultListableBeanFactory] Overriding bean definition for bean '_muleConfiguration': replacing [Generic bean: class [org.mule.config.spring.MuleConfigurationConfigurator]; scope=; abstract=false; lazyInit=false; autowireMode=0; dependencyCheck=0; autowireCandidate=true; primary=false; factoryBeanName=null; factoryMethodName=null; initMethodName=initialise; destroyMethodName=null; defined in URL [jar:file:/Users/chr/.m2/repository/org/mule/modules/mule-module-spring-config/3.4.0/mule-module-spring-config-3.4.0.jar!/default-mule-config.xml]] with [Generic bean: class [org.mule.config.spring.MuleConfigurationConfigurator]; scope=; abstract=false; lazyInit=false; autowireMode=0; dependencyCheck=0; autowireCandidate=true; primary=false; factoryBeanName=null; factoryMethodName=null; initMethodName=initialise; destroyMethodName=null; defined in URL [jar:file:/Users/chr/.m2/repository/org/mule/modules/mule-module-spring-config/3.4.0/mule-module-spring-config-3.4.0.jar!/default-mule-config.xml]]
2015-02-16 13:07:58,797 INFO  [DefaultListableBeanFactory] Overriding bean definition for bean '_muleNotificationManager': replacing [Generic bean: class [org.mule.config.spring.ServerNotificationManagerConfigurator]; scope=; abstract=false; lazyInit=false; autowireMode=0; dependencyCheck=0; autowireCandidate=true; primary=false; factoryBeanName=null; factoryMethodName=null; initMethodName=initialise; destroyMethodName=null; defined in URL [jar:file:/Users/chr/.m2/repository/org/mule/modules/mule-module-spring-config/3.4.0/mule-module-spring-config-3.4.0.jar!/default-mule-config.xml]] with [Generic bean: class [org.mule.config.spring.ServerNotificationManagerConfigurator]; scope=; abstract=false; lazyInit=false; autowireMode=0; dependencyCheck=0; autowireCandidate=true; primary=false; factoryBeanName=null; factoryMethodName=null; initMethodName=initialise; destroyMethodName=null; defined in URL [jar:file:/Users/chr/.m2/repository/org/mule/modules/mule-module-spring-config/3.4.0/mule-module-spring-config-3.4.0.jar!/default-mule-config.xml]]
2015-02-16 13:07:58,797 INFO  [DefaultListableBeanFactory] Overriding bean definition for bean '_muleNotificationManager': replacing [Generic bean: class [org.mule.config.spring.ServerNotificationManagerConfigurator]; scope=; abstract=false; lazyInit=false; autowireMode=0; dependencyCheck=0; autowireCandidate=true; primary=false; factoryBeanName=null; factoryMethodName=null; initMethodName=initialise; destroyMethodName=null; defined in URL [jar:file:/Users/chr/.m2/repository/org/mule/modules/mule-module-spring-config/3.4.0/mule-module-spring-config-3.4.0.jar!/default-mule-config.xml]] with [Generic bean: class [org.mule.config.spring.ServerNotificationManagerConfigurator]; scope=; abstract=false; lazyInit=false; autowireMode=0; dependencyCheck=0; autowireCandidate=true; primary=false; factoryBeanName=null; factoryMethodName=null; initMethodName=initialise; destroyMethodName=null; defined in URL [jar:file:/Users/chr/.m2/repository/org/mule/modules/mule-module-spring-config/3.4.0/mule-module-spring-config-3.4.0.jar!/default-mule-config.xml]]
2015-02-16 13:07:58,806 INFO  [DefaultListableBeanFactory] Overriding bean definition for bean '_muleSystemModel': replacing [Root bean: class [org.mule.model.seda.SedaModel]; scope=singleton; abstract=false; lazyInit=false; autowireMode=0; dependencyCheck=0; autowireCandidate=true; primary=false; factoryBeanName=null; factoryMethodName=null; initMethodName=initialise; destroyMethodName=dispose] with [Root bean: class [org.mule.model.seda.SedaModel]; scope=singleton; abstract=false; lazyInit=false; autowireMode=0; dependencyCheck=0; autowireCandidate=true; primary=false; factoryBeanName=null; factoryMethodName=null; initMethodName=initialise; destroyMethodName=dispose]
2015-02-16 13:07:58,813 INFO  [XmlBeanDefinitionReader] Loading XML bean definitions from URL [file:/Users/chr/Greenbird/git/playground/xml-formatter/xmlformatter-tools/mule-cxf-example/target/test-classes/mule-config.xml]
2015-02-16 13:07:58,966 INFO  [DefaultListableBeanFactory] Overriding bean definition for bean 'main': replacing [Root bean: class [org.mule.construct.Flow]; scope=singleton; abstract=false; lazyInit=false; autowireMode=0; dependencyCheck=0; autowireCandidate=true; primary=false; factoryBeanName=null; factoryMethodName=null; initMethodName=initialise; destroyMethodName=dispose] with [Root bean: class [org.mule.construct.Flow]; scope=singleton; abstract=false; lazyInit=false; autowireMode=0; dependencyCheck=0; autowireCandidate=true; primary=false; factoryBeanName=null; factoryMethodName=null; initMethodName=initialise; destroyMethodName=dispose]
2015-02-16 13:07:59,393 INFO  [PropertyPlaceholderConfigurer] Loading properties file from class path resource [application.properties]
2015-02-16 13:07:59,436 INFO  [DefaultListableBeanFactory] Pre-instantiating singletons in org.springframework.beans.factory.support.DefaultListableBeanFactory@52dbb3e8: defining beans [_muleCustomEditorConfigurer,_muleObjectNameProcessor,_mulePropertyPlaceholderProcessor,_muleSimpleRegistryBootstrap,_muleNotificationManager,_muleAnnotationsProcessor,_muleTransformerAnnotationProcessor,_muleConfiguration,._muleNotificationManager:notification.1,._muleNotificationManager:notification.2,._muleNotificationManager:notification.3,._muleNotificationManager:notification.4,._muleNotificationManager:notification.5,._muleNotificationManager:notification.6,._muleNotificationManager:notification.7,._muleNotificationManager:notification.8,._muleNotificationManager:notification.9,._muleNotificationManager:notification.10,_muleSystemModel,_defaultInMemoryQueueStore,_defaultPersistentQueueStore,_defaultInMemoryObjectStore,_defaultPersistentObjectStore,_defaultUserObjectStore,_defaultTransientUserObjectStore,_muleQueueManager,_muleObjectStoreManager,_muleSecurityManager,_muleMessageProcessingManager,_muleProperties,_muleEndpointFactory,_muleStreamCloserService,_defaultThreadingProfile,_converterResolver,_defaultMessageDispatcherThreadingProfile,_defaultMessageRequesterThreadingProfile,_defaultMessageReceiverThreadingProfile,_defaultServiceThreadingProfile,_defaultRetryPolicyTemplate,_muleExpressionLanguage,_muleLockFactory,_muleLockProvider,_muleProcessingTimeWatcher,applicationProperties,inputPrettyPrinterFactory,outputPrettyPrinterFactory,main,.main:inbound-endpoint.11,.main:inbound-endpoint.11:proxy-service.12,.main:inbound-endpoint.11:proxy-service.12:inInterceptors.13,.main:inbound-endpoint.11:proxy-service.12:outInterceptors.14,.main:xslt-transformer.15,.main:xslt-transformer.15:context-property.16]; root of factory hierarchy
2015-02-16 13:07:59,724 INFO  [AbstractLifecycleManager] Initialising model: _muleSystemModel
2015-02-16 13:07:59,956 INFO  [AbstractLifecycleManager] Initialising connector: connector.http.mule.default
2015-02-16 13:08:00,006 INFO  [FlowConstructLifecycleManager] Initialising flow: main
2015-02-16 13:08:00,006 INFO  [DefaultMessagingExceptionStrategy] Initialising exception listener: org.mule.exception.DefaultMessagingExceptionStrategy@11819f3c
2015-02-16 13:08:00,019 INFO  [SedaStageLifecycleManager] Initialising service: main.stage1
2015-02-16 13:08:00,269 INFO  [AutoConfigurationBuilder] Configured Mule using "org.mule.config.spring.SpringXmlConfigurationBuilder" with configuration resource(s): "[ConfigResource{resourceName='mule-config.xml'}]"
2015-02-16 13:08:00,272 INFO  [TransactionalQueueManager] Starting ResourceManager
2015-02-16 13:08:00,276 INFO  [TransactionalQueueManager] Started ResourceManager
2015-02-16 13:08:00,278 INFO  [HttpConnector] Connected: HttpConnector
{
  name=connector.http.mule.default
  lifecycle=initialise
  this=710fce33
  numberOfConcurrentTransactedReceivers=4
  createMultipleTransactedReceivers=true
  connected=true
  supportedProtocols=[http]
  serviceOverrides=<none>
}

2015-02-16 13:08:00,278 INFO  [HttpConnector] Starting: HttpConnector
{
  name=connector.http.mule.default
  lifecycle=initialise
  this=710fce33
  numberOfConcurrentTransactedReceivers=4
  createMultipleTransactedReceivers=true
  connected=true
  supportedProtocols=[http]
  serviceOverrides=<none>
}

2015-02-16 13:08:00,278 INFO  [AbstractLifecycleManager] Starting connector: connector.http.mule.default
2015-02-16 13:08:00,280 INFO  [AbstractLifecycleManager] Starting model: _muleSystemModel
2015-02-16 13:08:00,281 INFO  [FlowConstructLifecycleManager] Starting flow: main
2015-02-16 13:08:00,282 INFO  [SedaStageLifecycleManager] Starting service: main.stage1
2015-02-16 13:08:00,533 INFO  [ReflectionServiceFactoryBean] Creating Service {http://xmlns.greenbird.com/schema/logger}LoggerService from WSDL: classpath:wsdl/logger.wsdl
2015-02-16 13:08:00,644 INFO  [ServerImpl] Setting the server's publish address to be http://internalMuleCxfRegistry/1832673977
2015-02-16 13:08:00,649 INFO  [HttpConnector] Registering listener: main on endpointUri: http://localhost:50000/services/logger/message
2015-02-16 13:08:00,653 INFO  [DefaultTransportServiceDescriptor] Loading default response transformer: org.mule.transport.http.transformers.MuleMessageToHttpResponse
2015-02-16 13:08:00,664 INFO  [AbstractLifecycleManager] Initialising: 'null'. Object is: HttpMessageReceiver
2015-02-16 13:08:00,669 INFO  [HttpMessageReceiver] Connecting clusterizable message receiver
2015-02-16 13:08:00,676 INFO  [AbstractLifecycleManager] Starting: 'null'. Object is: HttpMessageReceiver
2015-02-16 13:08:00,676 INFO  [HttpMessageReceiver] Starting clusterizable message receiver
2015-02-16 13:08:00,684 INFO  [WrapperManagerAgent] This JVM hasn't been launched by the wrapper, the agent will not run.
2015-02-16 13:08:00,709 INFO  [JmxAgent] Attempting to register service with name: Mule.72221dcb-b5d4-11e4-bddc-4562c91f6a9d:type=Endpoint,service="main",connector=connector.http.mule.default,name="endpoint.http.localhost.50000.services.logger.message"
2015-02-16 13:08:00,709 INFO  [JmxAgent] Registered Endpoint Service with name: Mule.72221dcb-b5d4-11e4-bddc-4562c91f6a9d:type=Endpoint,service="main",connector=connector.http.mule.default,name="endpoint.http.localhost.50000.services.logger.message"
2015-02-16 13:08:00,711 INFO  [JmxAgent] Registered Connector Service with name Mule.72221dcb-b5d4-11e4-bddc-4562c91f6a9d:type=Connector,name="connector.http.mule.default.1"
2015-02-16 13:08:00,716 INFO  [DefaultMuleContext] 
**********************************************************************
* Mule ESB and Integration Platform                                  *
* Version: 3.4.0 Build: c8afb471                                     *
* MuleSoft, Inc.                                                     *
* For more information go to http://www.mulesoft.org                 *
*                                                                    *
* Server started: 2/16/15 1:08 PM                                    *
* Server ID: 72221dcb-b5d4-11e4-bddc-4562c91f6a9d                    *
* JDK: 1.7.0_71 (mixed mode)                                         *
* OS encoding: UTF-8, Mule encoding: UTF-8                           *
* OS: Mac OS X (10.9.5, x86_64)                                      *
* Host: Christians-MacBook-Pro.local (192.168.1.6)                   *
*                                                                    *
* Agents Running:                                                    *
*   JMX Agent                                                        *
**********************************************************************
2015-02-16 13:08:00,741 INFO  [ReflectionServiceFactoryBean] Creating Service {http://xmlns.greenbird.com/schema/logger}LoggerPortService from class com.greenbird.xmlns.schema.logger.LoggerPort
2015-02-16 13:08:01,135 INFO  [XMLLoggingInInterceptor] LoggerServiceReceived uniqueId=73f6ddf2-b5d4-11e4-bddc-4562c91f6a9d correlationId=null
<soap:Envelope xmlns:soap="http://schemas.xmlsoap.org/soap/envelope/">
	<soap:Body>
		<performLogMessageRequest xmlns="http://xmlns.greenbird.com/schema/logger">
			<address>thomas.skjoelberg@greenbird.com</address>
			<subject>Subject</subject>
			<body>Body</body>
		</performLogMessageRequest>
	</soap:Body>
</soap:Envelope>
2015-02-16 13:08:01,234 INFO  [XMLLoggingOutInterceptor] LoggerServiceSent uniqueId=73f6ddf2-b5d4-11e4-bddc-4562c91f6a9d correlationId=null
<soap:Envelope xmlns:soap="http://schemas.xmlsoap.org/soap/envelope/">
	<soap:Body>
		<e:performLogMessageResponse xmlns:e="http://xmlns.greenbird.com/schema/logger">
			<e:status>1</e:status>
		</e:performLogMessageResponse>
	</soap:Body>
</soap:Envelope>
2015-02-16 13:08:01,251 INFO  [FlowConstructLifecycleManager] Stopping flow: main
2015-02-16 13:08:01,251 INFO  [HttpConnector] Removing listener on endpointUri: http://localhost:50000/services/logger/message
2015-02-16 13:08:01,251 INFO  [AbstractLifecycleManager] Stopping: 'null'. Object is: HttpMessageReceiver
2015-02-16 13:08:01,252 INFO  [AbstractLifecycleManager] Disposing: 'null'. Object is: HttpMessageReceiver
2015-02-16 13:08:01,252 INFO  [SedaStageLifecycleManager] Stopping service: main.stage1
2015-02-16 13:08:01,290 INFO  [AbstractLifecycleManager] Stopping model: _muleSystemModel
2015-02-16 13:08:01,292 INFO  [AbstractLifecycleManager] Stopping connector: connector.http.mule.default
2015-02-16 13:08:01,294 INFO  [TransactionalQueueManager] Stopping ResourceManager
2015-02-16 13:08:01,294 INFO  [TransactionalQueueManager] Stopped ResourceManager
2015-02-16 13:08:01,296 INFO  [AbstractLifecycleManager] Disposing RegistryBroker
2015-02-16 13:08:01,297 INFO  [HttpConnector] Disconnected: HttpConnector
{
  name=connector.http.mule.default
  lifecycle=stop
  this=710fce33
  numberOfConcurrentTransactedReceivers=4
  createMultipleTransactedReceivers=true
  connected=true
  supportedProtocols=[http]
  serviceOverrides=<none>
}

2015-02-16 13:08:01,297 INFO  [AbstractLifecycleManager] Disposing connector: connector.http.mule.default
2015-02-16 13:08:01,298 INFO  [ExpiryMonitor] disposing monitor
2015-02-16 13:08:01,305 INFO  [MuleApplicationContext] Closing org.mule.config.spring.MuleApplicationContext@5238e759: startup date [Mon Feb 16 13:07:58 CET 2015]; root of context hierarchy
2015-02-16 13:08:01,305 INFO  [DefaultListableBeanFactory] Destroying singletons in org.springframework.beans.factory.support.DefaultListableBeanFactory@52dbb3e8: defining beans [_muleCustomEditorConfigurer,_muleObjectNameProcessor,_mulePropertyPlaceholderProcessor,_muleSimpleRegistryBootstrap,_muleNotificationManager,_muleAnnotationsProcessor,_muleTransformerAnnotationProcessor,_muleConfiguration,._muleNotificationManager:notification.1,._muleNotificationManager:notification.2,._muleNotificationManager:notification.3,._muleNotificationManager:notification.4,._muleNotificationManager:notification.5,._muleNotificationManager:notification.6,._muleNotificationManager:notification.7,._muleNotificationManager:notification.8,._muleNotificationManager:notification.9,._muleNotificationManager:notification.10,_muleSystemModel,_defaultInMemoryQueueStore,_defaultPersistentQueueStore,_defaultInMemoryObjectStore,_defaultPersistentObjectStore,_defaultUserObjectStore,_defaultTransientUserObjectStore,_muleQueueManager,_muleObjectStoreManager,_muleSecurityManager,_muleMessageProcessingManager,_muleProperties,_muleEndpointFactory,_muleStreamCloserService,_defaultThreadingProfile,_converterResolver,_defaultMessageDispatcherThreadingProfile,_defaultMessageRequesterThreadingProfile,_defaultMessageReceiverThreadingProfile,_defaultServiceThreadingProfile,_defaultRetryPolicyTemplate,_muleExpressionLanguage,_muleLockFactory,_muleLockProvider,_muleProcessingTimeWatcher,applicationProperties,inputPrettyPrinterFactory,outputPrettyPrinterFactory,main,.main:inbound-endpoint.11,.main:inbound-endpoint.11:proxy-service.12,.main:inbound-endpoint.11:proxy-service.12:inInterceptors.13,.main:inbound-endpoint.11:proxy-service.12:outInterceptors.14,.main:xslt-transformer.15,.main:xslt-transformer.15:context-property.16]; root of factory hierarchy
2015-02-16 13:08:01,306 INFO  [FlowConstructLifecycleManager] Disposing flow: main
2015-02-16 13:08:01,306 INFO  [SedaStageLifecycleManager] Disposing service: main.stage1
2015-02-16 13:08:01,307 INFO  [AbstractLifecycleManager] Disposing model: _muleSystemModel
2015-02-16 13:08:01,457 INFO  [DefaultMuleContext] 
**********************************************************************
* Mule Context shut down normally on: 2/16/15 1:08 PM                *
* Server was up for: 0 days, 0 hours, 0 mins, 1.183 sec              *
**********************************************************************
